<?xml version="1.0" encoding="UTF-8"?>
<!-- Generated by org.testng.reporters.JUnitReportReporter -->
<testsuite hostname="DESKTOP-AAIK2PJ" failures="0" tests="1" name="stream.Test1" time="0.113" errors="0" timestamp="26 Sep 2023 05:32:52 GMT">
  <testcase classname="stream.Test1" name="streamCollect" time="0.113"/>
</testsuite> <!-- stream.Test1 -->
